Using pre-set license
Built from '2021.3/staging' branch; Version is '2021.3.25f1 (68ef2c4f8861) revision 6876972'; Using compiler version '192829333'; Build Type 'Release'
OS: 'Windows 10  (10.0.19045) 64bit Professional' Language: 'en' Physical Memory: 16343 MB
BatchMode: 1, IsHumanControllingUs: 0, StartBugReporterOnCrash: 0, Is64bit: 1, IsPro: 1

COMMAND LINE ARGUMENTS:
D:\MECHANICAL ENGINEERING SOFTWARE\Unity Hub\2021.3.25f1\Editor\Unity.exe
-adb2
-batchMode
-noUpm
-name
AssetImportWorker0
-projectPath
D:/UNITY EĞİTİMLERİ/GİTHUB/Hexagonia/Hexagonia
-logFile
Logs/AssetImportWorker0.log
-srvPort
59581
Successfully changed project path to: D:/UNITY EĞİTİMLERİ/GİTHUB/Hexagonia/Hexagonia
D:/UNITY EĞİTİMLERİ/GİTHUB/Hexagonia/Hexagonia
[UnityMemory] Configuration Parameters - Can be set up in boot.config
    "memorysetup-bucket-allocator-granularity=16"
    "memorysetup-bucket-allocator-bucket-count=8"
    "memorysetup-bucket-allocator-block-size=33554432"
    "memorysetup-bucket-allocator-block-count=8"
    "memorysetup-main-allocator-block-size=16777216"
    "memorysetup-thread-allocator-block-size=16777216"
    "memorysetup-gfx-main-allocator-block-size=16777216"
    "memorysetup-gfx-thread-allocator-block-size=16777216"
    "memorysetup-cache-allocator-block-size=4194304"
    "memorysetup-typetree-allocator-block-size=2097152"
    "memorysetup-profiler-bucket-allocator-granularity=16"
    "memorysetup-profiler-bucket-allocator-bucket-count=8"
    "memorysetup-profiler-bucket-allocator-block-size=33554432"
    "memorysetup-profiler-bucket-allocator-block-count=8"
    "memorysetup-profiler-allocator-block-size=16777216"
    "memorysetup-profiler-editor-allocator-block-size=1048576"
    "memorysetup-temp-allocator-size-main=16777216"
    "memorysetup-job-temp-allocator-block-size=2097152"
    "memorysetup-job-temp-allocator-block-size-background=1048576"
    "memorysetup-job-temp-allocator-reduction-small-platforms=262144"
    "memorysetup-temp-allocator-size-background-worker=32768"
    "memorysetup-temp-allocator-size-job-worker=262144"
    "memorysetup-temp-allocator-size-preload-manager=33554432"
    "memorysetup-temp-allocator-size-nav-mesh-worker=65536"
    "memorysetup-temp-allocator-size-audio-worker=65536"
    "memorysetup-temp-allocator-size-cloud-worker=32768"
    "memorysetup-temp-allocator-size-gi-baking-worker=262144"
    "memorysetup-temp-allocator-size-gfx=262144"
Player connection [6040] Host "[IP] 192.168.1.8 [Port] 0 [Flags] 2 [Guid] 126328052 [EditorId] 126328052 [Version] 1048832 [Id] WindowsEditor(7,DESKTOP-81FTCB6) [Debug] 1 [PackageName] WindowsEditor [ProjectName] Editor" joined multi-casting on [225.0.0.222:54997]...

Player connection [6040] Host "[IP] 192.168.1.8 [Port] 0 [Flags] 2 [Guid] 126328052 [EditorId] 126328052 [Version] 1048832 [Id] WindowsEditor(7,DESKTOP-81FTCB6) [Debug] 1 [PackageName] WindowsEditor [ProjectName] Editor" joined alternative multi-casting on [225.0.0.222:34997]...

Refreshing native plugins compatible for Editor in 193.02 ms, found 3 plugins.
Preloading 0 native plugins for Editor in 0.00 ms.
Initialize engine version: 2021.3.25f1 (68ef2c4f8861)
[Subsystems] Discovering subsystems at path D:/MECHANICAL ENGINEERING SOFTWARE/Unity Hub/2021.3.25f1/Editor/Data/Resources/UnitySubsystems
[Subsystems] Discovering subsystems at path D:/UNITY EĞİTİMLERİ/GİTHUB/Hexagonia/Hexagonia/Assets
GfxDevice: creating device client; threaded=0; jobified=0
Direct3D:
    Version:  Direct3D 11.0 [level 11.1]
    Renderer: NVIDIA GeForce GTX 1070 (ID=0x1b81)
    Vendor:   NVIDIA
    VRAM:     8081 MB
    Driver:   31.0.15.3179
Initialize mono
Mono path[0] = 'D:/MECHANICAL ENGINEERING SOFTWARE/Unity Hub/2021.3.25f1/Editor/Data/Managed'
Mono path[1] = 'D:/MECHANICAL ENGINEERING SOFTWARE/Unity Hub/2021.3.25f1/Editor/Data/MonoBleedingEdge/lib/mono/unityjit-win32'
Mono config path = 'D:/MECHANICAL ENGINEERING SOFTWARE/Unity Hub/2021.3.25f1/Editor/Data/MonoBleedingEdge/etc'
Using monoOptions --debugger-agent=transport=dt_socket,embedding=1,server=y,suspend=n,address=127.0.0.1:56204
Begin MonoManager ReloadAssembly
Registering precompiled unity dll's ...
Register platform support module: D:/MECHANICAL ENGINEERING SOFTWARE/Unity Hub/2021.3.25f1/Editor/Data/PlaybackEngines/WindowsStandaloneSupport/UnityEditor.WindowsStandalone.Extensions.dll
Registered in 0.003877 seconds.
Native extension for WindowsStandalone target not found
Refreshing native plugins compatible for Editor in 183.41 ms, found 3 plugins.
Preloading 0 native plugins for Editor in 0.00 ms.
Mono: successfully reloaded assembly
- Completed reload, in  0.858 seconds
Domain Reload Profiling:
	ReloadAssembly (858ms)
		BeginReloadAssembly (153ms)
			ExecutionOrderSort (0ms)
			DisableScriptedObjects (0ms)
			BackupInstance (0ms)
			ReleaseScriptingObjects (0ms)
			CreateAndSetChildDomain (1ms)
		EndReloadAssembly (599ms)
			LoadAssemblies (152ms)
			RebuildTransferFunctionScriptingTraits (0ms)
			SetupTypeCache (129ms)
			ReleaseScriptCaches (0ms)
			RebuildScriptCaches (34ms)
			SetupLoadedEditorAssemblies (378ms)
				LogAssemblyErrors (0ms)
				InitializePlatformSupportModulesInManaged (8ms)
				SetLoadedEditorAssemblies (0ms)
				RefreshPlugins (183ms)
				BeforeProcessingInitializeOnLoad (1ms)
				ProcessInitializeOnLoadAttributes (133ms)
				ProcessInitializeOnLoadMethodAttributes (52ms)
				AfterProcessingInitializeOnLoad (0ms)
				EditorAssembliesLoaded (0ms)
			ExecutionOrderSort2 (0ms)
			AwakeInstancesAfterBackupRestoration (0ms)
Platform modules already initialized, skipping
Registering precompiled user dll's ...
Registered in 0.009396 seconds.
Begin MonoManager ReloadAssembly
Symbol file LoadedFromMemory doesn't match image D:\UNITY EĞİTİMLERİ\GİTHUB\Hexagonia\Hexagonia\Library\PackageCache\com.unity.visualscripting@1.8.0\Editor\VisualScripting.Core\Dependencies\YamlDotNet\Unity.VisualScripting.YamlDotNet.dll
Symbol file LoadedFromMemory doesn't match image D:\UNITY EĞİTİMLERİ\GİTHUB\Hexagonia\Hexagonia\Library\PackageCache\com.unity.visualscripting@1.8.0\Editor\VisualScripting.Core\Dependencies\DotNetZip\Unity.VisualScripting.IonicZip.dll
Symbol file LoadedFromMemory is not a mono symbol file
Native extension for WindowsStandalone target not found
Refreshing native plugins compatible for Editor in 169.28 ms, found 3 plugins.
Preloading 0 native plugins for Editor in 0.00 ms.
Mono: successfully reloaded assembly
- Completed reload, in  2.086 seconds
Domain Reload Profiling:
	ReloadAssembly (2087ms)
		BeginReloadAssembly (176ms)
			ExecutionOrderSort (0ms)
			DisableScriptedObjects (7ms)
			BackupInstance (0ms)
			ReleaseScriptingObjects (0ms)
			CreateAndSetChildDomain (22ms)
		EndReloadAssembly (1789ms)
			LoadAssemblies (192ms)
			RebuildTransferFunctionScriptingTraits (0ms)
			SetupTypeCache (429ms)
			ReleaseScriptCaches (1ms)
			RebuildScriptCaches (95ms)
			SetupLoadedEditorAssemblies (1078ms)
				LogAssemblyErrors (0ms)
				InitializePlatformSupportModulesInManaged (3ms)
				SetLoadedEditorAssemblies (0ms)
				RefreshPlugins (169ms)
				BeforeProcessingInitializeOnLoad (139ms)
				ProcessInitializeOnLoadAttributes (572ms)
				ProcessInitializeOnLoadMethodAttributes (188ms)
				AfterProcessingInitializeOnLoad (4ms)
				EditorAssembliesLoaded (0ms)
			ExecutionOrderSort2 (0ms)
			AwakeInstancesAfterBackupRestoration (9ms)
Platform modules already initialized, skipping
========================================================================
Worker process is ready to serve import requests
Launched and connected shader compiler UnityShaderCompiler.exe after 0.10 seconds
Refreshing native plugins compatible for Editor in 1.37 ms, found 3 plugins.
Preloading 0 native plugins for Editor in 0.00 ms.
Unloading 6791 Unused Serialized files (Serialized files now loaded: 0)
Unloading 80 unused Assets / (2.6 MB). Loaded Objects now: 7243.
Memory consumption went from 278.1 MB to 275.5 MB.
Total: 6.095900 ms (FindLiveObjects: 0.553400 ms CreateObjectMapping: 0.503400 ms MarkObjects: 4.082800 ms  DeleteObjects: 0.955300 ms)

AssetImportParameters requested are different than current active one (requested -> active):
  custom:video-decoder-ogg-theora: a1e56fd34408186e4bbccfd4996cb3dc -> 
  custom:container-muxer-webm: aa71ff27fc2769a1b78a27578f13a17b -> 
  custom:container-demuxer-webm: 4f35f7cbe854078d1ac9338744f61a02 -> 
  custom:video-encoder-webm-vp8: eb34c28f22e8b96e1ab97ce403110664 -> 
  custom:video-codec-MediaFoundation-h265: 746d11721c4dcdbdad8f713fa42b33f4 -> 
  custom:audio-encoder-webm-vorbis: bf7c407c2cedff20999df2af8eb42d56 -> 
  custom:framework-win-MediaFoundation: 216162199b28c13a410421893ffa2e32 -> 
  custom:container-demuxer-ogg: 62fdf1f143b41e24485cea50d1cbac27 -> 
  custom:video-decoder-webm-vp8: 9c59270c3fd7afecdb556c50c9e8de78 -> 
  custom:audio-decoder-ogg-vorbis: bf7c407c2cedff20999df2af8eb42d56 -> 
========================================================================
Received Import Request.
  Time since last request: 11351.939698 seconds.
  path: Assets/renk1.mat
  artifactKey: Guid(90b5bdd95f5779241810ad79b15291d2) Importer(815301076,1909f56bfc062723c751e8b465ee728b)
Start importing Assets/renk1.mat using Guid(90b5bdd95f5779241810ad79b15291d2) Importer(815301076,1909f56bfc062723c751e8b465ee728b)  -> (artifact id: 'b9f9731481198d9401c30b8e950ccbe4') in 0.525347 seconds 
========================================================================
Received Import Request.
  Time since last request: 0.000043 seconds.
  path: Assets/HexTop_IronGroundAvatar.asset
  artifactKey: Guid(b22918f7de8657e478ded775660b532a) Importer(815301076,1909f56bfc062723c751e8b465ee728b)
Start importing Assets/HexTop_IronGroundAvatar.asset using Guid(b22918f7de8657e478ded775660b532a) Importer(815301076,1909f56bfc062723c751e8b465ee728b)  -> (artifact id: '1146e610f911ddb55c424a366f118c21') in 0.016320 seconds 
========================================================================
Received Import Request.
  Time since last request: 0.000034 seconds.
  path: Assets/GlowMaterialCharacter 1.mat
  artifactKey: Guid(2240899cb3d723642b03a7e30768db40) Importer(815301076,1909f56bfc062723c751e8b465ee728b)
Start importing Assets/GlowMaterialCharacter 1.mat using Guid(2240899cb3d723642b03a7e30768db40) Importer(815301076,1909f56bfc062723c751e8b465ee728b)  -> (artifact id: 'aeb9d2f3d0e16831e6df44b2a00eddb9') in 0.229203 seconds 
========================================================================
Received Import Request.
  Time since last request: 0.000023 seconds.
  path: Assets/Bar.png
  artifactKey: Guid(c8bbd02a88c2bbc41b7d7e50ec7b2aa7) Importer(815301076,1909f56bfc062723c751e8b465ee728b)
Start importing Assets/Bar.png using Guid(c8bbd02a88c2bbc41b7d7e50ec7b2aa7) Importer(815301076,1909f56bfc062723c751e8b465ee728b)  -> (artifact id: '48672765cd3e96a4326bd4bac9ce52f9') in 0.042446 seconds 
========================================================================
Received Import Request.
  Time since last request: 0.000036 seconds.
  path: Assets/New Terrain 1.asset
  artifactKey: Guid(f3cb780d54e273a488b0c198d1b5a8fd) Importer(815301076,1909f56bfc062723c751e8b465ee728b)
Start importing Assets/New Terrain 1.asset using Guid(f3cb780d54e273a488b0c198d1b5a8fd) Importer(815301076,1909f56bfc062723c751e8b465ee728b)  -> (artifact id: '1bee5008e90b58403e3aae02ade6b8df') in 0.018885 seconds 
========================================================================
Received Import Request.
  Time since last request: 0.000023 seconds.
  path: Assets/GlowMaterialCharacter.mat
  artifactKey: Guid(cc3ae4654f496334dbcdec2ad8c9d521) Importer(815301076,1909f56bfc062723c751e8b465ee728b)
Start importing Assets/GlowMaterialCharacter.mat using Guid(cc3ae4654f496334dbcdec2ad8c9d521) Importer(815301076,1909f56bfc062723c751e8b465ee728b)  -> (artifact id: '5a4c1d5d7e51fd4ab995b636434aa362') in 0.017013 seconds 
========================================================================
Received Import Request.
  Time since last request: 0.000025 seconds.
  path: Assets/renk1 1.mat
  artifactKey: Guid(1346755579e0caa4cb4320d1ce34edce) Importer(815301076,1909f56bfc062723c751e8b465ee728b)
Start importing Assets/renk1 1.mat using Guid(1346755579e0caa4cb4320d1ce34edce) Importer(815301076,1909f56bfc062723c751e8b465ee728b)  -> (artifact id: '1962a81e0ff76fec14ba3fbcfba5df9c') in 0.016086 seconds 
========================================================================
Received Import Request.
  Time since last request: 0.000029 seconds.
  path: Assets/Shader Graphs_GlowShader.mat
  artifactKey: Guid(a834ab406f88b854486738bc02eaf661) Importer(815301076,1909f56bfc062723c751e8b465ee728b)
Start importing Assets/Shader Graphs_GlowShader.mat using Guid(a834ab406f88b854486738bc02eaf661) Importer(815301076,1909f56bfc062723c751e8b465ee728b)  -> (artifact id: '0946057f135ac9bd58eb88a81c46f3d2') in 0.024463 seconds 
========================================================================
Received Import Request.
  Time since last request: 0.000020 seconds.
  path: Assets/Hex.prefab
  artifactKey: Guid(eb9b9b3a729cde940b166da4f1aff870) Importer(815301076,1909f56bfc062723c751e8b465ee728b)
Start importing Assets/Hex.prefab using Guid(eb9b9b3a729cde940b166da4f1aff870) Importer(815301076,1909f56bfc062723c751e8b465ee728b)  -> (artifact id: '64a2363dd28ad65b022e624cefa1ba39') in 0.025091 seconds 
========================================================================
Received Import Request.
  Time since last request: 0.000023 seconds.
  path: Assets/Shader Graphs_GlowShader 1.mat
  artifactKey: Guid(f76aca44a5cffd7428f5210aee9236df) Importer(815301076,1909f56bfc062723c751e8b465ee728b)
Start importing Assets/Shader Graphs_GlowShader 1.mat using Guid(f76aca44a5cffd7428f5210aee9236df) Importer(815301076,1909f56bfc062723c751e8b465ee728b)  -> (artifact id: 'f91ccd1b643066530858044fd46e198b') in 0.017404 seconds 
========================================================================
Received Import Request.
  Time since last request: 0.000019 seconds.
  path: Assets/Astronaut.fbx
  artifactKey: Guid(b16aef3309cb73745b39977313eb5701) Importer(815301076,1909f56bfc062723c751e8b465ee728b)
Start importing Assets/Astronaut.fbx using Guid(b16aef3309cb73745b39977313eb5701) Importer(815301076,1909f56bfc062723c751e8b465ee728b)  -> (artifact id: 'd5b58277cbdbb8651a610b0a0e8a046f') in 0.108505 seconds 
========================================================================
Received Import Request.
  Time since last request: 0.000023 seconds.
  path: Assets/New Terrain 2.asset
  artifactKey: Guid(5d5ce23cd99c8dd48a1f4c79fc949959) Importer(815301076,1909f56bfc062723c751e8b465ee728b)
Start importing Assets/New Terrain 2.asset using Guid(5d5ce23cd99c8dd48a1f4c79fc949959) Importer(815301076,1909f56bfc062723c751e8b465ee728b)  -> (artifact id: '74fff42f0fb9ec854edb95ab474599d7') in 0.034845 seconds 
========================================================================
Received Import Request.
  Time since last request: 0.000031 seconds.
  path: Assets/New Terrain.asset
  artifactKey: Guid(b320fe3f31f1f0b4cb589adede19de0e) Importer(815301076,1909f56bfc062723c751e8b465ee728b)
Start importing Assets/New Terrain.asset using Guid(b320fe3f31f1f0b4cb589adede19de0e) Importer(815301076,1909f56bfc062723c751e8b465ee728b)  -> (artifact id: 'dcaa9887c1a1f1beedf5c33f5a42f70a') in 0.020401 seconds 
========================================================================
Received Import Request.
  Time since last request: 0.000022 seconds.
  path: Assets/renk1 3.mat
  artifactKey: Guid(09f19708b691a6d42ae61d93eb10ee3b) Importer(815301076,1909f56bfc062723c751e8b465ee728b)
Start importing Assets/renk1 3.mat using Guid(09f19708b691a6d42ae61d93eb10ee3b) Importer(815301076,1909f56bfc062723c751e8b465ee728b)  -> (artifact id: '943982955f8be0cf41a1a413a5da1fb0') in 0.015462 seconds 
========================================================================
Received Import Request.
  Time since last request: 0.000022 seconds.
  path: Assets/Astronaut 1.fbx
  artifactKey: Guid(94a5643272db3f141b0ae87b9a74fde4) Importer(815301076,1909f56bfc062723c751e8b465ee728b)
Start importing Assets/Astronaut 1.fbx using Guid(94a5643272db3f141b0ae87b9a74fde4) Importer(815301076,1909f56bfc062723c751e8b465ee728b)  -> (artifact id: '54eceb64f6effc22daf8136d136092e0') in 0.034925 seconds 
========================================================================
Received Import Request.
  Time since last request: 0.000117 seconds.
  path: Assets/Astronaut.prefab
  artifactKey: Guid(2a591752a594d8c449745c35c6de5173) Importer(815301076,1909f56bfc062723c751e8b465ee728b)
Start importing Assets/Astronaut.prefab using Guid(2a591752a594d8c449745c35c6de5173) Importer(815301076,1909f56bfc062723c751e8b465ee728b)  -> (artifact id: '105c802bc8c47264a03f2709999c2f8a') in 0.020026 seconds 
========================================================================
Received Import Request.
  Time since last request: 74.748022 seconds.
  path: Assets/Scenes
  artifactKey: Guid(6ea315d0fd7389c41b19996891e99ae3) Importer(815301076,1909f56bfc062723c751e8b465ee728b)
Start importing Assets/Scenes using Guid(6ea315d0fd7389c41b19996891e99ae3) Importer(815301076,1909f56bfc062723c751e8b465ee728b)  -> (artifact id: 'bc172811d573b296104adb4d2728db37') in 0.011286 seconds 
========================================================================
Received Import Request.
  Time since last request: 1.508865 seconds.
  path: Assets/Scenes/0_MainMenu.unity
  artifactKey: Guid(a9954fa419663cb4f9df3f7de0332422) Importer(815301076,1909f56bfc062723c751e8b465ee728b)
Start importing Assets/Scenes/0_MainMenu.unity using Guid(a9954fa419663cb4f9df3f7de0332422) Importer(815301076,1909f56bfc062723c751e8b465ee728b)  -> (artifact id: 'f9069c74078260c14d1db80242f42508') in 0.010485 seconds 
